10/7/2018 1:15:13 PM	This log contains information about the import schema operation into project 'WebTimeSheetDatabase' on computer 'LAPTOP-2AFK6L6E' by user 'sunil'.
10/7/2018 1:15:13 PM	Import of database schema has started.
10/7/2018 1:15:20 PM	Gathering database options
10/7/2018 1:15:20 PM	Gathering users
10/7/2018 1:15:20 PM	Gathering roles
10/7/2018 1:15:20 PM	Gathering application roles
10/7/2018 1:15:20 PM	Gathering role memberships
10/7/2018 1:15:20 PM	Gathering filegroups
10/7/2018 1:15:20 PM	Gathering full-text catalogs
10/7/2018 1:15:20 PM	Gathering assemblies
10/7/2018 1:15:20 PM	Gathering certificates
10/7/2018 1:15:20 PM	Gathering asymmetric keys
10/7/2018 1:15:20 PM	Gathering symmetric keys
10/7/2018 1:15:20 PM	Gathering encrypted symmetric keys
10/7/2018 1:15:20 PM	Gathering schemas
10/7/2018 1:15:20 PM	Gathering XML schema collections
10/7/2018 1:15:20 PM	Gathering user-defined data types
10/7/2018 1:15:20 PM	Gathering user-defined types
10/7/2018 1:15:20 PM	Gathering table types
10/7/2018 1:15:20 PM	Gathering unique keys for table types
10/7/2018 1:15:20 PM	Gathering primary keys for table types
10/7/2018 1:15:20 PM	Gathering check constraints for table types
10/7/2018 1:15:20 PM	Gathering default constraints for table types
10/7/2018 1:15:20 PM	Gathering partition functions
10/7/2018 1:15:20 PM	Gathering partition schemes
10/7/2018 1:15:20 PM	Gathering functions
10/7/2018 1:15:20 PM	Gathering encrypted functions
10/7/2018 1:15:20 PM	Gathering aggregates
10/7/2018 1:15:20 PM	Gathering procedures
10/7/2018 1:15:21 PM	Gathering encrypted procedures
10/7/2018 1:15:21 PM	Gathering tables
10/7/2018 1:15:21 PM	Gathering primary keys
10/7/2018 1:15:21 PM	Gathering unique constraints
10/7/2018 1:15:21 PM	Gathering foreign keys
10/7/2018 1:15:21 PM	Gathering default constraints
10/7/2018 1:15:21 PM	Gathering check constraints
10/7/2018 1:15:21 PM	Gathering views
10/7/2018 1:15:21 PM	Gathering encrypted views
10/7/2018 1:15:21 PM	Gathering indexes
10/7/2018 1:15:21 PM	Gathering statistics
10/7/2018 1:15:21 PM	Gathering full-text index stoplists
10/7/2018 1:15:21 PM	Gathering search property lists
10/7/2018 1:15:21 PM	Gathering search properties
10/7/2018 1:15:21 PM	Gathering full-text indexes
10/7/2018 1:15:21 PM	Gathering column store indexes
10/7/2018 1:15:21 PM	Gathering spatial indexes
10/7/2018 1:15:21 PM	Gathering XML indexes
10/7/2018 1:15:21 PM	Gathering encrypted triggers
10/7/2018 1:15:21 PM	Gathering triggers
10/7/2018 1:15:21 PM	Gathering encrypted and clr ddl triggers
10/7/2018 1:15:21 PM	Gathering ddl triggers
10/7/2018 1:15:21 PM	Gathering synonyms
10/7/2018 1:15:21 PM	Gathering defaults
10/7/2018 1:15:21 PM	Gathering data constraint uddt bindings
10/7/2018 1:15:21 PM	Gathering rules
10/7/2018 1:15:21 PM	Gathering data constraint uddt bindings
10/7/2018 1:15:21 PM	Gathering message types
10/7/2018 1:15:21 PM	Gathering queues
10/7/2018 1:15:21 PM	Gathering contracts
10/7/2018 1:15:21 PM	Gathering services
10/7/2018 1:15:21 PM	Gathering event notifications
10/7/2018 1:15:22 PM	Gathering remote service bindings
10/7/2018 1:15:22 PM	Gathering broker priorities
10/7/2018 1:15:22 PM	Gathering signatures
10/7/2018 1:15:22 PM	Gathering data compression options
10/7/2018 1:15:22 PM	Gathering sequence types
10/7/2018 1:15:22 PM	Gathering extended properties
10/7/2018 1:15:22 PM	Gathering credentials
10/7/2018 1:15:22 PM	Gathering logins
10/7/2018 1:15:22 PM	Gathering server audits
10/7/2018 1:15:23 PM	Scanning project for duplicate elements
10/7/2018 1:15:23 PM	Finished duplicate element processing
10/7/2018 1:15:24 PM	Finished importing database.
10/7/2018 1:15:24 PM	A summary of the import was saved to the following location: c:\users\sunil\source\repos\WebTimeSheetDatabase\WebTimeSheetDatabase\Import Schema Logs\WebTimeSheetDatabase_20181007051513.log
10/7/2018 1:15:24 PM	Click Finish to continue...
